{"C:\\Personal\\DevTalles\\Node_De_Cero_A_Experto_Ultimate\\07-restweb\\src\\app.ts": {"path":"C:\\Personal\\DevTalles\\Node_De_Cero_A_Experto_Ultimate\\07-restweb\\src\\app.ts","all":false,"statementMap":{"0":{"start":{"line":1,"column":0},"end":{"line":1,"column":37}},"1":{"start":{"line":2,"column":0},"end":{"line":2,"column":50}},"2":{"start":{"line":3,"column":0},"end":{"line":3,"column":47}},"3":{"start":{"line":4,"column":0},"end":{"line":4,"column":0}},"4":{"start":{"line":5,"column":0},"end":{"line":5,"column":8}},"5":{"start":{"line":6,"column":0},"end":{"line":6,"column":11}},"6":{"start":{"line":7,"column":0},"end":{"line":7,"column":5}},"7":{"start":{"line":8,"column":0},"end":{"line":8,"column":0}},"8":{"start":{"line":9,"column":0},"end":{"line":9,"column":17}},"9":{"start":{"line":10,"column":0},"end":{"line":10,"column":31}},"10":{"start":{"line":11,"column":0},"end":{"line":11,"column":24}},"11":{"start":{"line":12,"column":0},"end":{"line":12,"column":37}},"12":{"start":{"line":13,"column":0},"end":{"line":13,"column":32}},"13":{"start":{"line":14,"column":0},"end":{"line":14,"column":7}},"14":{"start":{"line":15,"column":0},"end":{"line":15,"column":19}},"15":{"start":{"line":16,"column":0},"end":{"line":16,"column":1}}},"s":{"0":1,"1":1,"2":1,"3":1,"4":1,"5":1,"6":1,"7":1,"8":1,"9":1,"10":1,"11":1,"12":1,"13":1,"14":1,"15":1},"branchMap":{"0":{"type":"branch","line":5,"loc":{"start":{"line":5,"column":1},"end":{"line":7,"column":2}},"locations":[{"start":{"line":5,"column":1},"end":{"line":7,"column":2}}]},"1":{"type":"branch","line":9,"loc":{"start":{"line":9,"column":0},"end":{"line":16,"column":1}},"locations":[{"start":{"line":9,"column":0},"end":{"line":16,"column":1}}]}},"b":{"0":[1],"1":[1]},"fnMap":{"0":{"name":"main","decl":{"start":{"line":9,"column":0},"end":{"line":16,"column":1}},"loc":{"start":{"line":9,"column":0},"end":{"line":16,"column":1}},"line":9}},"f":{"0":1}}
,"C:\\Personal\\DevTalles\\Node_De_Cero_A_Experto_Ultimate\\07-restweb\\src\\config\\envs.ts": {"path":"C:\\Personal\\DevTalles\\Node_De_Cero_A_Experto_Ultimate\\07-restweb\\src\\config\\envs.ts","all":false,"statementMap":{"0":{"start":{"line":1,"column":0},"end":{"line":1,"column":23}},"1":{"start":{"line":2,"column":0},"end":{"line":2,"column":30}},"2":{"start":{"line":3,"column":0},"end":{"line":3,"column":0}},"3":{"start":{"line":4,"column":0},"end":{"line":4,"column":21}},"4":{"start":{"line":5,"column":0},"end":{"line":5,"column":48}},"5":{"start":{"line":6,"column":0},"end":{"line":6,"column":65}},"6":{"start":{"line":7,"column":0},"end":{"line":7,"column":2}}},"s":{"0":1,"1":1,"2":1,"3":1,"4":1,"5":1,"6":1},"branchMap":{},"b":{},"fnMap":{},"f":{}}
,"C:\\Personal\\DevTalles\\Node_De_Cero_A_Experto_Ultimate\\07-restweb\\src\\data\\postgres\\index.ts": {"path":"C:\\Personal\\DevTalles\\Node_De_Cero_A_Experto_Ultimate\\07-restweb\\src\\data\\postgres\\index.ts","all":false,"statementMap":{"0":{"start":{"line":1,"column":0},"end":{"line":1,"column":46}},"1":{"start":{"line":2,"column":0},"end":{"line":2,"column":0}},"2":{"start":{"line":3,"column":0},"end":{"line":3,"column":41}}},"s":{"0":1,"1":1,"2":1},"branchMap":{},"b":{},"fnMap":{},"f":{}}
,"C:\\Personal\\DevTalles\\Node_De_Cero_A_Experto_Ultimate\\07-restweb\\src\\domain\\index.ts": {"path":"C:\\Personal\\DevTalles\\Node_De_Cero_A_Experto_Ultimate\\07-restweb\\src\\domain\\index.ts","all":false,"statementMap":{"0":{"start":{"line":1,"column":0},"end":{"line":1,"column":29}},"1":{"start":{"line":2,"column":0},"end":{"line":2,"column":39}},"2":{"start":{"line":3,"column":0},"end":{"line":3,"column":46}},"3":{"start":{"line":4,"column":0},"end":{"line":4,"column":47}},"4":{"start":{"line":5,"column":0},"end":{"line":5,"column":0}},"5":{"start":{"line":6,"column":0},"end":{"line":6,"column":44}},"6":{"start":{"line":7,"column":0},"end":{"line":7,"column":44}},"7":{"start":{"line":8,"column":0},"end":{"line":8,"column":41}},"8":{"start":{"line":9,"column":0},"end":{"line":9,"column":42}},"9":{"start":{"line":10,"column":0},"end":{"line":10,"column":44}},"10":{"start":{"line":11,"column":0},"end":{"line":11,"column":0}},"11":{"start":{"line":12,"column":0},"end":{"line":12,"column":38}}},"s":{"0":1,"1":1,"2":1,"3":1,"4":1,"5":1,"6":1,"7":1,"8":1,"9":1,"10":1,"11":1},"branchMap":{},"b":{},"fnMap":{},"f":{}}
,"C:\\Personal\\DevTalles\\Node_De_Cero_A_Experto_Ultimate\\07-restweb\\src\\domain\\dtos\\todos\\create-todo.dto.ts": {"path":"C:\\Personal\\DevTalles\\Node_De_Cero_A_Experto_Ultimate\\07-restweb\\src\\domain\\dtos\\todos\\create-todo.dto.ts","all":false,"statementMap":{"0":{"start":{"line":1,"column":0},"end":{"line":1,"column":28}},"1":{"start":{"line":2,"column":0},"end":{"line":2,"column":57}},"2":{"start":{"line":3,"column":0},"end":{"line":3,"column":4}},"3":{"start":{"line":4,"column":0},"end":{"line":4,"column":75}},"4":{"start":{"line":5,"column":0},"end":{"line":5,"column":8}},"5":{"start":{"line":6,"column":0},"end":{"line":6,"column":31}},"6":{"start":{"line":7,"column":0},"end":{"line":7,"column":0}},"7":{"start":{"line":8,"column":0},"end":{"line":8,"column":88}},"8":{"start":{"line":9,"column":0},"end":{"line":9,"column":0}},"9":{"start":{"line":10,"column":0},"end":{"line":10,"column":0}},"10":{"start":{"line":11,"column":0},"end":{"line":11,"column":52}},"11":{"start":{"line":12,"column":0},"end":{"line":12,"column":5}},"12":{"start":{"line":13,"column":0},"end":{"line":13,"column":1}}},"s":{"0":1,"1":1,"2":1,"3":1,"4":3,"5":3,"6":3,"7":3,"8":1,"9":1,"10":1,"11":1,"12":1},"branchMap":{"0":{"type":"branch","line":2,"loc":{"start":{"line":2,"column":4},"end":{"line":2,"column":57}},"locations":[{"start":{"line":2,"column":4},"end":{"line":2,"column":57}}]},"1":{"type":"branch","line":4,"loc":{"start":{"line":4,"column":11},"end":{"line":12,"column":5}},"locations":[{"start":{"line":4,"column":11},"end":{"line":12,"column":5}}]},"2":{"type":"branch","line":8,"loc":{"start":{"line":8,"column":17},"end":{"line":8,"column":38}},"locations":[{"start":{"line":8,"column":17},"end":{"line":8,"column":38}}]},"3":{"type":"branch","line":8,"loc":{"start":{"line":8,"column":40},"end":{"line":8,"column":88}},"locations":[{"start":{"line":8,"column":40},"end":{"line":8,"column":88}}]},"4":{"type":"branch","line":9,"loc":{"start":{"line":9,"column":-2},"end":{"line":12,"column":5}},"locations":[{"start":{"line":9,"column":-2},"end":{"line":12,"column":5}}]}},"b":{"0":[1],"1":[3],"2":[1],"3":[2],"4":[1]},"fnMap":{"0":{"name":"CreateToDoDto","decl":{"start":{"line":2,"column":4},"end":{"line":2,"column":57}},"loc":{"start":{"line":2,"column":4},"end":{"line":2,"column":57}},"line":2},"1":{"name":"create","decl":{"start":{"line":4,"column":11},"end":{"line":12,"column":5}},"loc":{"start":{"line":4,"column":11},"end":{"line":12,"column":5}},"line":4}},"f":{"0":1,"1":3}}
,"C:\\Personal\\DevTalles\\Node_De_Cero_A_Experto_Ultimate\\07-restweb\\src\\domain\\errors\\custom.error.ts": {"path":"C:\\Personal\\DevTalles\\Node_De_Cero_A_Experto_Ultimate\\07-restweb\\src\\domain\\errors\\custom.error.ts","all":false,"statementMap":{"0":{"start":{"line":1,"column":0},"end":{"line":1,"column":40}},"1":{"start":{"line":2,"column":0},"end":{"line":2,"column":4}},"2":{"start":{"line":3,"column":0},"end":{"line":3,"column":92}},"3":{"start":{"line":4,"column":0},"end":{"line":4,"column":23}},"4":{"start":{"line":5,"column":0},"end":{"line":5,"column":31}},"5":{"start":{"line":6,"column":0},"end":{"line":6,"column":37}},"6":{"start":{"line":7,"column":0},"end":{"line":7,"column":5}},"7":{"start":{"line":8,"column":0},"end":{"line":8,"column":1}}},"s":{"0":1,"1":1,"2":1,"3":3,"4":3,"5":3,"6":3,"7":1},"branchMap":{"0":{"type":"branch","line":3,"loc":{"start":{"line":3,"column":4},"end":{"line":7,"column":5}},"locations":[{"start":{"line":3,"column":4},"end":{"line":7,"column":5}}]}},"b":{"0":[3]},"fnMap":{"0":{"name":"CustomError","decl":{"start":{"line":3,"column":4},"end":{"line":7,"column":5}},"loc":{"start":{"line":3,"column":4},"end":{"line":7,"column":5}},"line":3}},"f":{"0":3}}
,"C:\\Personal\\DevTalles\\Node_De_Cero_A_Experto_Ultimate\\07-restweb\\src\\infracstructure\\datasource\\todo.datasource.impl.ts": {"path":"C:\\Personal\\DevTalles\\Node_De_Cero_A_Experto_Ultimate\\07-restweb\\src\\infracstructure\\datasource\\todo.datasource.impl.ts","all":false,"statementMap":{"0":{"start":{"line":1,"column":0},"end":{"line":1,"column":45}},"1":{"start":{"line":2,"column":0},"end":{"line":2,"column":8}},"2":{"start":{"line":3,"column":0},"end":{"line":3,"column":18}},"3":{"start":{"line":4,"column":0},"end":{"line":4,"column":16}},"4":{"start":{"line":5,"column":0},"end":{"line":5,"column":19}},"5":{"start":{"line":6,"column":0},"end":{"line":6,"column":15}},"6":{"start":{"line":7,"column":0},"end":{"line":7,"column":18}},"7":{"start":{"line":8,"column":0},"end":{"line":8,"column":22}},"8":{"start":{"line":9,"column":0},"end":{"line":9,"column":0}},"9":{"start":{"line":10,"column":0},"end":{"line":10,"column":59}},"10":{"start":{"line":11,"column":0},"end":{"line":11,"column":4}},"11":{"start":{"line":12,"column":0},"end":{"line":12,"column":69}},"12":{"start":{"line":13,"column":0},"end":{"line":13,"column":71}},"13":{"start":{"line":14,"column":0},"end":{"line":14,"column":0}},"14":{"start":{"line":15,"column":0},"end":{"line":15,"column":43}},"15":{"start":{"line":16,"column":0},"end":{"line":16,"column":5}},"16":{"start":{"line":17,"column":0},"end":{"line":17,"column":0}},"17":{"start":{"line":18,"column":0},"end":{"line":18,"column":43}},"18":{"start":{"line":19,"column":0},"end":{"line":19,"column":51}},"19":{"start":{"line":20,"column":0},"end":{"line":20,"column":62}},"20":{"start":{"line":21,"column":0},"end":{"line":21,"column":5}},"21":{"start":{"line":22,"column":0},"end":{"line":22,"column":0}},"22":{"start":{"line":23,"column":0},"end":{"line":23,"column":53}},"23":{"start":{"line":24,"column":0},"end":{"line":24,"column":68}},"24":{"start":{"line":25,"column":0},"end":{"line":25,"column":0}},"25":{"start":{"line":26,"column":0},"end":{"line":26,"column":78}},"26":{"start":{"line":27,"column":0},"end":{"line":27,"column":43}},"27":{"start":{"line":28,"column":0},"end":{"line":28,"column":5}},"28":{"start":{"line":29,"column":0},"end":{"line":29,"column":0}},"29":{"start":{"line":30,"column":0},"end":{"line":30,"column":73}},"30":{"start":{"line":31,"column":0},"end":{"line":31,"column":46}},"31":{"start":{"line":32,"column":0},"end":{"line":32,"column":0}},"32":{"start":{"line":33,"column":0},"end":{"line":33,"column":53}},"33":{"start":{"line":34,"column":0},"end":{"line":34,"column":44}},"34":{"start":{"line":35,"column":0},"end":{"line":35,"column":39}},"35":{"start":{"line":36,"column":0},"end":{"line":36,"column":11}},"36":{"start":{"line":37,"column":0},"end":{"line":37,"column":0}},"37":{"start":{"line":38,"column":0},"end":{"line":38,"column":49}},"38":{"start":{"line":39,"column":0},"end":{"line":39,"column":5}},"39":{"start":{"line":40,"column":0},"end":{"line":40,"column":0}},"40":{"start":{"line":41,"column":0},"end":{"line":41,"column":55}},"41":{"start":{"line":42,"column":0},"end":{"line":42,"column":32}},"42":{"start":{"line":43,"column":0},"end":{"line":43,"column":0}},"43":{"start":{"line":44,"column":0},"end":{"line":44,"column":72}},"44":{"start":{"line":45,"column":0},"end":{"line":45,"column":0}},"45":{"start":{"line":46,"column":0},"end":{"line":46,"column":50}},"46":{"start":{"line":47,"column":0},"end":{"line":47,"column":5}},"47":{"start":{"line":48,"column":0},"end":{"line":48,"column":1}}},"s":{"0":1,"1":1,"2":1,"3":1,"4":1,"5":1,"6":1,"7":1,"8":1,"9":1,"10":1,"11":1,"12":1,"13":1,"14":1,"15":1,"16":1,"17":1,"18":1,"19":1,"20":1,"21":1,"22":1,"23":9,"24":9,"25":9,"26":6,"27":6,"28":1,"29":1,"30":5,"31":4,"32":4,"33":4,"34":4,"35":4,"36":4,"37":4,"38":4,"39":1,"40":1,"41":2,"42":1,"43":1,"44":1,"45":1,"46":1,"47":1},"branchMap":{"0":{"type":"branch","line":12,"loc":{"start":{"line":12,"column":10},"end":{"line":16,"column":5}},"locations":[{"start":{"line":12,"column":10},"end":{"line":16,"column":5}}]},"1":{"type":"branch","line":18,"loc":{"start":{"line":18,"column":10},"end":{"line":21,"column":5}},"locations":[{"start":{"line":18,"column":10},"end":{"line":21,"column":5}}]},"2":{"type":"branch","line":20,"loc":{"start":{"line":20,"column":25},"end":{"line":20,"column":60}},"locations":[{"start":{"line":20,"column":25},"end":{"line":20,"column":60}}]},"3":{"type":"branch","line":23,"loc":{"start":{"line":23,"column":10},"end":{"line":28,"column":5}},"locations":[{"start":{"line":23,"column":10},"end":{"line":28,"column":5}}]},"4":{"type":"branch","line":26,"loc":{"start":{"line":26,"column":19},"end":{"line":26,"column":78}},"locations":[{"start":{"line":26,"column":19},"end":{"line":26,"column":78}}]},"5":{"type":"branch","line":27,"loc":{"start":{"line":27,"column":-2},"end":{"line":28,"column":5}},"locations":[{"start":{"line":27,"column":-2},"end":{"line":28,"column":5}}]},"6":{"type":"branch","line":30,"loc":{"start":{"line":30,"column":10},"end":{"line":39,"column":5}},"locations":[{"start":{"line":30,"column":10},"end":{"line":39,"column":5}}]},"7":{"type":"branch","line":32,"loc":{"start":{"line":32,"column":-2},"end":{"line":39,"column":5}},"locations":[{"start":{"line":32,"column":-2},"end":{"line":39,"column":5}}]},"8":{"type":"branch","line":41,"loc":{"start":{"line":41,"column":10},"end":{"line":47,"column":5}},"locations":[{"start":{"line":41,"column":10},"end":{"line":47,"column":5}}]},"9":{"type":"branch","line":43,"loc":{"start":{"line":43,"column":-2},"end":{"line":47,"column":5}},"locations":[{"start":{"line":43,"column":-2},"end":{"line":47,"column":5}}]}},"b":{"0":[1],"1":[1],"2":[2],"3":[9],"4":[3],"5":[6],"6":[5],"7":[4],"8":[2],"9":[1]},"fnMap":{"0":{"name":"create","decl":{"start":{"line":12,"column":10},"end":{"line":16,"column":5}},"loc":{"start":{"line":12,"column":10},"end":{"line":16,"column":5}},"line":12},"1":{"name":"getAll","decl":{"start":{"line":18,"column":10},"end":{"line":21,"column":5}},"loc":{"start":{"line":18,"column":10},"end":{"line":21,"column":5}},"line":18},"2":{"name":"findById","decl":{"start":{"line":23,"column":10},"end":{"line":28,"column":5}},"loc":{"start":{"line":23,"column":10},"end":{"line":28,"column":5}},"line":23},"3":{"name":"updateById","decl":{"start":{"line":30,"column":10},"end":{"line":39,"column":5}},"loc":{"start":{"line":30,"column":10},"end":{"line":39,"column":5}},"line":30},"4":{"name":"deleteById","decl":{"start":{"line":41,"column":10},"end":{"line":47,"column":5}},"loc":{"start":{"line":41,"column":10},"end":{"line":47,"column":5}},"line":41}},"f":{"0":1,"1":1,"2":9,"3":5,"4":2}}
,"C:\\Personal\\DevTalles\\Node_De_Cero_A_Experto_Ultimate\\07-restweb\\src\\presentation\\server.ts": {"path":"C:\\Personal\\DevTalles\\Node_De_Cero_A_Experto_Ultimate\\07-restweb\\src\\presentation\\server.ts","all":false,"statementMap":{"0":{"start":{"line":1,"column":0},"end":{"line":1,"column":42}},"1":{"start":{"line":2,"column":0},"end":{"line":2,"column":24}},"2":{"start":{"line":3,"column":0},"end":{"line":3,"column":0}},"3":{"start":{"line":4,"column":0},"end":{"line":4,"column":19}},"4":{"start":{"line":5,"column":0},"end":{"line":5,"column":17}},"5":{"start":{"line":6,"column":0},"end":{"line":6,"column":24}},"6":{"start":{"line":7,"column":0},"end":{"line":7,"column":19}},"7":{"start":{"line":8,"column":0},"end":{"line":8,"column":1}},"8":{"start":{"line":9,"column":0},"end":{"line":9,"column":0}},"9":{"start":{"line":10,"column":0},"end":{"line":10,"column":21}},"10":{"start":{"line":11,"column":0},"end":{"line":11,"column":36}},"11":{"start":{"line":12,"column":0},"end":{"line":12,"column":33}},"12":{"start":{"line":13,"column":0},"end":{"line":13,"column":34}},"13":{"start":{"line":14,"column":0},"end":{"line":14,"column":40}},"14":{"start":{"line":15,"column":0},"end":{"line":15,"column":36}},"15":{"start":{"line":16,"column":0},"end":{"line":16,"column":0}},"16":{"start":{"line":17,"column":0},"end":{"line":17,"column":43}},"17":{"start":{"line":18,"column":0},"end":{"line":18,"column":64}},"18":{"start":{"line":19,"column":0},"end":{"line":19,"column":25}},"19":{"start":{"line":20,"column":0},"end":{"line":20,"column":37}},"20":{"start":{"line":21,"column":0},"end":{"line":21,"column":29}},"21":{"start":{"line":22,"column":0},"end":{"line":22,"column":5}},"22":{"start":{"line":23,"column":0},"end":{"line":23,"column":0}},"23":{"start":{"line":24,"column":0},"end":{"line":24,"column":19}},"24":{"start":{"line":25,"column":0},"end":{"line":25,"column":23}},"25":{"start":{"line":26,"column":0},"end":{"line":26,"column":37}},"26":{"start":{"line":27,"column":0},"end":{"line":27,"column":61}},"27":{"start":{"line":28,"column":0},"end":{"line":28,"column":0}},"28":{"start":{"line":29,"column":0},"end":{"line":29,"column":25}},"29":{"start":{"line":30,"column":0},"end":{"line":30,"column":54}},"30":{"start":{"line":31,"column":0},"end":{"line":31,"column":0}},"31":{"start":{"line":32,"column":0},"end":{"line":32,"column":19}},"32":{"start":{"line":33,"column":0},"end":{"line":33,"column":34}},"33":{"start":{"line":34,"column":0},"end":{"line":34,"column":0}},"34":{"start":{"line":35,"column":0},"end":{"line":35,"column":15}},"35":{"start":{"line":36,"column":0},"end":{"line":36,"column":41}},"36":{"start":{"line":37,"column":0},"end":{"line":37,"column":90}},"37":{"start":{"line":38,"column":0},"end":{"line":38,"column":36}},"38":{"start":{"line":39,"column":0},"end":{"line":39,"column":11}},"39":{"start":{"line":40,"column":0},"end":{"line":40,"column":0}},"40":{"start":{"line":41,"column":0},"end":{"line":41,"column":0}},"41":{"start":{"line":42,"column":0},"end":{"line":42,"column":64}},"42":{"start":{"line":43,"column":0},"end":{"line":43,"column":66}},"43":{"start":{"line":44,"column":0},"end":{"line":44,"column":11}},"44":{"start":{"line":45,"column":0},"end":{"line":45,"column":0}},"45":{"start":{"line":46,"column":0},"end":{"line":46,"column":5}},"46":{"start":{"line":47,"column":0},"end":{"line":47,"column":4}},"47":{"start":{"line":48,"column":0},"end":{"line":48,"column":21}},"48":{"start":{"line":49,"column":0},"end":{"line":49,"column":37}},"49":{"start":{"line":50,"column":0},"end":{"line":50,"column":5}},"50":{"start":{"line":51,"column":0},"end":{"line":51,"column":1}}},"s":{"0":1,"1":1,"2":1,"3":1,"4":1,"5":1,"6":1,"7":1,"8":1,"9":1,"10":1,"11":1,"12":1,"13":1,"14":1,"15":1,"16":1,"17":1,"18":1,"19":1,"20":1,"21":1,"22":1,"23":1,"24":1,"25":1,"26":1,"27":1,"28":1,"29":1,"30":1,"31":1,"32":1,"33":1,"34":1,"35":1,"36":0,"37":0,"38":1,"39":1,"40":1,"41":1,"42":1,"43":1,"44":1,"45":1,"46":1,"47":1,"48":1,"49":1,"50":1},"branchMap":{"0":{"type":"branch","line":17,"loc":{"start":{"line":17,"column":4},"end":{"line":22,"column":5}},"locations":[{"start":{"line":17,"column":4},"end":{"line":22,"column":5}}]},"1":{"type":"branch","line":24,"loc":{"start":{"line":24,"column":10},"end":{"line":46,"column":5}},"locations":[{"start":{"line":24,"column":10},"end":{"line":46,"column":5}}]},"2":{"type":"branch","line":42,"loc":{"start":{"line":42,"column":57},"end":{"line":44,"column":9}},"locations":[{"start":{"line":42,"column":57},"end":{"line":44,"column":9}}]},"3":{"type":"branch","line":48,"loc":{"start":{"line":48,"column":11},"end":{"line":50,"column":5}},"locations":[{"start":{"line":48,"column":11},"end":{"line":50,"column":5}}]},"4":{"type":"branch","line":49,"loc":{"start":{"line":49,"column":27},"end":{"line":49,"column":29}},"locations":[{"start":{"line":49,"column":27},"end":{"line":49,"column":29}}]}},"b":{"0":[1],"1":[1],"2":[1],"3":[1],"4":[0]},"fnMap":{"0":{"name":"Server","decl":{"start":{"line":17,"column":4},"end":{"line":22,"column":5}},"loc":{"start":{"line":17,"column":4},"end":{"line":22,"column":5}},"line":17},"1":{"name":"start","decl":{"start":{"line":24,"column":10},"end":{"line":46,"column":5}},"loc":{"start":{"line":24,"column":10},"end":{"line":46,"column":5}},"line":24},"2":{"name":"close","decl":{"start":{"line":48,"column":11},"end":{"line":50,"column":5}},"loc":{"start":{"line":48,"column":11},"end":{"line":50,"column":5}},"line":48}},"f":{"0":1,"1":1,"2":1}}
,"C:\\Personal\\DevTalles\\Node_De_Cero_A_Experto_Ultimate\\07-restweb\\src\\presentation\\todos\\controller.ts": {"path":"C:\\Personal\\DevTalles\\Node_De_Cero_A_Experto_Ultimate\\07-restweb\\src\\presentation\\todos\\controller.ts","all":false,"statementMap":{"0":{"start":{"line":1,"column":0},"end":{"line":1,"column":44}},"1":{"start":{"line":2,"column":0},"end":{"line":2,"column":71}},"2":{"start":{"line":3,"column":0},"end":{"line":3,"column":114}},"3":{"start":{"line":4,"column":0},"end":{"line":4,"column":0}},"4":{"start":{"line":5,"column":0},"end":{"line":5,"column":30}},"5":{"start":{"line":6,"column":0},"end":{"line":6,"column":10}},"6":{"start":{"line":7,"column":0},"end":{"line":7,"column":67}},"7":{"start":{"line":8,"column":0},"end":{"line":8,"column":0}},"8":{"start":{"line":9,"column":0},"end":{"line":9,"column":56}},"9":{"start":{"line":10,"column":0},"end":{"line":10,"column":41}},"10":{"start":{"line":11,"column":0},"end":{"line":11,"column":22}},"11":{"start":{"line":12,"column":0},"end":{"line":12,"column":43}},"12":{"start":{"line":13,"column":0},"end":{"line":13,"column":59}},"13":{"start":{"line":14,"column":0},"end":{"line":14,"column":6}},"14":{"start":{"line":15,"column":0},"end":{"line":15,"column":0}},"15":{"start":{"line":16,"column":0},"end":{"line":16,"column":59}},"16":{"start":{"line":17,"column":0},"end":{"line":17,"column":41}},"17":{"start":{"line":18,"column":0},"end":{"line":18,"column":0}},"18":{"start":{"line":19,"column":0},"end":{"line":19,"column":78}},"19":{"start":{"line":20,"column":0},"end":{"line":20,"column":0}},"20":{"start":{"line":21,"column":0},"end":{"line":21,"column":40}},"21":{"start":{"line":22,"column":0},"end":{"line":22,"column":24}},"22":{"start":{"line":23,"column":0},"end":{"line":23,"column":41}},"23":{"start":{"line":24,"column":0},"end":{"line":24,"column":59}},"24":{"start":{"line":25,"column":0},"end":{"line":25,"column":6}},"25":{"start":{"line":26,"column":0},"end":{"line":26,"column":0}},"26":{"start":{"line":27,"column":0},"end":{"line":27,"column":58}},"27":{"start":{"line":28,"column":0},"end":{"line":28,"column":70}},"28":{"start":{"line":29,"column":0},"end":{"line":29,"column":67}},"29":{"start":{"line":30,"column":0},"end":{"line":30,"column":0}},"30":{"start":{"line":31,"column":0},"end":{"line":31,"column":43}},"31":{"start":{"line":32,"column":0},"end":{"line":32,"column":36}},"32":{"start":{"line":33,"column":0},"end":{"line":33,"column":53}},"33":{"start":{"line":34,"column":0},"end":{"line":34,"column":59}},"34":{"start":{"line":35,"column":0},"end":{"line":35,"column":6}},"35":{"start":{"line":36,"column":0},"end":{"line":36,"column":0}},"36":{"start":{"line":37,"column":0},"end":{"line":37,"column":58}},"37":{"start":{"line":38,"column":0},"end":{"line":38,"column":41}},"38":{"start":{"line":39,"column":0},"end":{"line":39,"column":0}},"39":{"start":{"line":40,"column":0},"end":{"line":40,"column":61}},"40":{"start":{"line":41,"column":0},"end":{"line":41,"column":24}},"41":{"start":{"line":42,"column":0},"end":{"line":42,"column":15}},"42":{"start":{"line":43,"column":0},"end":{"line":43,"column":11}},"43":{"start":{"line":44,"column":0},"end":{"line":44,"column":0}},"44":{"start":{"line":45,"column":0},"end":{"line":45,"column":67}},"45":{"start":{"line":46,"column":0},"end":{"line":46,"column":0}},"46":{"start":{"line":47,"column":0},"end":{"line":47,"column":43}},"47":{"start":{"line":48,"column":0},"end":{"line":48,"column":36}},"48":{"start":{"line":49,"column":0},"end":{"line":49,"column":53}},"49":{"start":{"line":50,"column":0},"end":{"line":50,"column":59}},"50":{"start":{"line":51,"column":0},"end":{"line":51,"column":6}},"51":{"start":{"line":52,"column":0},"end":{"line":52,"column":0}},"52":{"start":{"line":53,"column":0},"end":{"line":53,"column":58}},"53":{"start":{"line":54,"column":0},"end":{"line":54,"column":41}},"54":{"start":{"line":55,"column":0},"end":{"line":55,"column":0}},"55":{"start":{"line":56,"column":0},"end":{"line":56,"column":78}},"56":{"start":{"line":57,"column":0},"end":{"line":57,"column":0}},"57":{"start":{"line":58,"column":0},"end":{"line":58,"column":43}},"58":{"start":{"line":59,"column":0},"end":{"line":59,"column":24}},"59":{"start":{"line":60,"column":0},"end":{"line":60,"column":41}},"60":{"start":{"line":61,"column":0},"end":{"line":61,"column":59}},"61":{"start":{"line":62,"column":0},"end":{"line":62,"column":6}},"62":{"start":{"line":63,"column":0},"end":{"line":63,"column":0}},"63":{"start":{"line":64,"column":0},"end":{"line":64,"column":63}},"64":{"start":{"line":65,"column":0},"end":{"line":65,"column":109}},"65":{"start":{"line":66,"column":0},"end":{"line":66,"column":72}},"66":{"start":{"line":67,"column":0},"end":{"line":67,"column":6}},"67":{"start":{"line":68,"column":0},"end":{"line":68,"column":1}}},"s":{"0":1,"1":1,"2":1,"3":1,"4":1,"5":1,"6":1,"7":1,"8":1,"9":1,"10":1,"11":1,"12":1,"13":1,"14":1,"15":1,"16":3,"17":3,"18":3,"19":2,"20":2,"21":2,"22":2,"23":2,"24":1,"25":1,"26":1,"27":3,"28":3,"29":1,"30":1,"31":1,"32":1,"33":1,"34":1,"35":1,"36":1,"37":6,"38":6,"39":6,"40":6,"41":6,"42":6,"43":6,"44":6,"45":5,"46":5,"47":5,"48":5,"49":5,"50":1,"51":1,"52":1,"53":3,"54":3,"55":3,"56":2,"57":2,"58":2,"59":2,"60":2,"61":1,"62":1,"63":1,"64":3,"65":0,"66":1,"67":1},"branchMap":{"0":{"type":"branch","line":7,"loc":{"start":{"line":7,"column":4},"end":{"line":7,"column":67}},"locations":[{"start":{"line":7,"column":4},"end":{"line":7,"column":67}}]},"1":{"type":"branch","line":9,"loc":{"start":{"line":9,"column":22},"end":{"line":14,"column":5}},"locations":[{"start":{"line":9,"column":22},"end":{"line":14,"column":5}}]},"2":{"type":"branch","line":12,"loc":{"start":{"line":12,"column":18},"end":{"line":12,"column":42}},"locations":[{"start":{"line":12,"column":18},"end":{"line":12,"column":42}}]},"3":{"type":"branch","line":16,"loc":{"start":{"line":16,"column":25},"end":{"line":25,"column":5}},"locations":[{"start":{"line":16,"column":25},"end":{"line":25,"column":5}}]},"4":{"type":"branch","line":19,"loc":{"start":{"line":19,"column":23},"end":{"line":19,"column":78}},"locations":[{"start":{"line":19,"column":23},"end":{"line":19,"column":78}}]},"5":{"type":"branch","line":20,"loc":{"start":{"line":20,"column":-2},"end":{"line":25,"column":5}},"locations":[{"start":{"line":20,"column":-2},"end":{"line":25,"column":5}}]},"6":{"type":"branch","line":23,"loc":{"start":{"line":23,"column":18},"end":{"line":23,"column":40}},"locations":[{"start":{"line":23,"column":18},"end":{"line":23,"column":40}}]},"7":{"type":"branch","line":24,"loc":{"start":{"line":24,"column":19},"end":{"line":24,"column":57}},"locations":[{"start":{"line":24,"column":19},"end":{"line":24,"column":57}}]},"8":{"type":"branch","line":27,"loc":{"start":{"line":27,"column":24},"end":{"line":35,"column":5}},"locations":[{"start":{"line":27,"column":24},"end":{"line":35,"column":5}}]},"9":{"type":"branch","line":29,"loc":{"start":{"line":29,"column":19},"end":{"line":29,"column":67}},"locations":[{"start":{"line":29,"column":19},"end":{"line":29,"column":67}}]},"10":{"type":"branch","line":30,"loc":{"start":{"line":30,"column":-2},"end":{"line":35,"column":5}},"locations":[{"start":{"line":30,"column":-2},"end":{"line":35,"column":5}}]},"11":{"type":"branch","line":33,"loc":{"start":{"line":33,"column":18},"end":{"line":33,"column":52}},"locations":[{"start":{"line":33,"column":18},"end":{"line":33,"column":52}}]},"12":{"type":"branch","line":37,"loc":{"start":{"line":37,"column":24},"end":{"line":51,"column":5}},"locations":[{"start":{"line":37,"column":24},"end":{"line":51,"column":5}}]},"13":{"type":"branch","line":45,"loc":{"start":{"line":45,"column":19},"end":{"line":45,"column":67}},"locations":[{"start":{"line":45,"column":19},"end":{"line":45,"column":67}}]},"14":{"type":"branch","line":46,"loc":{"start":{"line":46,"column":-2},"end":{"line":51,"column":5}},"locations":[{"start":{"line":46,"column":-2},"end":{"line":51,"column":5}}]},"15":{"type":"branch","line":49,"loc":{"start":{"line":49,"column":18},"end":{"line":49,"column":52}},"locations":[{"start":{"line":49,"column":18},"end":{"line":49,"column":52}}]},"16":{"type":"branch","line":50,"loc":{"start":{"line":50,"column":19},"end":{"line":50,"column":57}},"locations":[{"start":{"line":50,"column":19},"end":{"line":50,"column":57}}]},"17":{"type":"branch","line":53,"loc":{"start":{"line":53,"column":24},"end":{"line":62,"column":5}},"locations":[{"start":{"line":53,"column":24},"end":{"line":62,"column":5}}]},"18":{"type":"branch","line":56,"loc":{"start":{"line":56,"column":23},"end":{"line":56,"column":78}},"locations":[{"start":{"line":56,"column":23},"end":{"line":56,"column":78}}]},"19":{"type":"branch","line":57,"loc":{"start":{"line":57,"column":-2},"end":{"line":62,"column":5}},"locations":[{"start":{"line":57,"column":-2},"end":{"line":62,"column":5}}]},"20":{"type":"branch","line":60,"loc":{"start":{"line":60,"column":18},"end":{"line":60,"column":40}},"locations":[{"start":{"line":60,"column":18},"end":{"line":60,"column":40}}]},"21":{"type":"branch","line":61,"loc":{"start":{"line":61,"column":19},"end":{"line":61,"column":57}},"locations":[{"start":{"line":61,"column":19},"end":{"line":61,"column":57}}]},"22":{"type":"branch","line":64,"loc":{"start":{"line":64,"column":27},"end":{"line":67,"column":5}},"locations":[{"start":{"line":64,"column":27},"end":{"line":67,"column":5}}]},"23":{"type":"branch","line":66,"loc":{"start":{"line":66,"column":-2},"end":{"line":67,"column":5}},"locations":[{"start":{"line":66,"column":-2},"end":{"line":67,"column":5}}]}},"b":{"0":[2],"1":[1],"2":[1],"3":[3],"4":[1],"5":[2],"6":[1],"7":[1],"8":[3],"9":[2],"10":[1],"11":[1],"12":[6],"13":[1],"14":[5],"15":[4],"16":[1],"17":[3],"18":[1],"19":[2],"20":[1],"21":[1],"22":[3],"23":[0]},"fnMap":{"0":{"name":"ToDosController","decl":{"start":{"line":7,"column":4},"end":{"line":7,"column":67}},"loc":{"start":{"line":7,"column":4},"end":{"line":7,"column":67}},"line":7},"1":{"name":"ToDosController.getToDos","decl":{"start":{"line":9,"column":22},"end":{"line":14,"column":5}},"loc":{"start":{"line":9,"column":22},"end":{"line":14,"column":5}},"line":9},"2":{"name":"ToDosController.getToDoById","decl":{"start":{"line":16,"column":25},"end":{"line":25,"column":5}},"loc":{"start":{"line":16,"column":25},"end":{"line":25,"column":5}},"line":16},"3":{"name":"ToDosController.createToDo","decl":{"start":{"line":27,"column":24},"end":{"line":35,"column":5}},"loc":{"start":{"line":27,"column":24},"end":{"line":35,"column":5}},"line":27},"4":{"name":"ToDosController.updateToDo","decl":{"start":{"line":37,"column":24},"end":{"line":51,"column":5}},"loc":{"start":{"line":37,"column":24},"end":{"line":51,"column":5}},"line":37},"5":{"name":"ToDosController.deleteToDo","decl":{"start":{"line":53,"column":24},"end":{"line":62,"column":5}},"loc":{"start":{"line":53,"column":24},"end":{"line":62,"column":5}},"line":53},"6":{"name":"ToDosController.handlerError","decl":{"start":{"line":64,"column":27},"end":{"line":67,"column":5}},"loc":{"start":{"line":64,"column":27},"end":{"line":67,"column":5}},"line":64}},"f":{"0":2,"1":1,"2":3,"3":3,"4":6,"5":3,"6":3}}
,"C:\\Personal\\DevTalles\\Node_De_Cero_A_Experto_Ultimate\\07-restweb\\tests\\test.server.ts": {"path":"C:\\Personal\\DevTalles\\Node_De_Cero_A_Experto_Ultimate\\07-restweb\\tests\\test.server.ts","all":false,"statementMap":{"0":{"start":{"line":1,"column":0},"end":{"line":1,"column":42}},"1":{"start":{"line":2,"column":0},"end":{"line":2,"column":55}},"2":{"start":{"line":3,"column":0},"end":{"line":3,"column":52}},"3":{"start":{"line":4,"column":0},"end":{"line":4,"column":0}},"4":{"start":{"line":5,"column":0},"end":{"line":5,"column":38}},"5":{"start":{"line":6,"column":0},"end":{"line":6,"column":20}},"6":{"start":{"line":7,"column":0},"end":{"line":7,"column":29}},"7":{"start":{"line":8,"column":0},"end":{"line":8,"column":3}}},"s":{"0":1,"1":1,"2":1,"3":1,"4":1,"5":1,"6":1,"7":1},"branchMap":{},"b":{},"fnMap":{},"f":{}}
}
