TN:
SF:src\app.ts
FN:9,main
FNF:1
FNH:1
FNDA:1,main
DA:1,1
DA:2,1
DA:3,1
DA:4,1
DA:5,1
DA:6,1
DA:7,1
DA:8,1
DA:9,1
DA:10,1
DA:11,1
DA:12,1
DA:13,1
DA:14,1
DA:15,1
DA:16,1
LF:16
LH:16
BRDA:5,0,0,1
BRDA:9,1,0,1
BRF:2
BRH:2
end_of_record
TN:
SF:src\config\envs.ts
FNF:0
FNH:0
DA:1,1
DA:2,1
DA:3,1
DA:4,1
DA:5,1
DA:6,1
DA:7,1
LF:7
LH:7
BRF:0
BRH:0
end_of_record
TN:
SF:src\data\postgres\index.ts
FNF:0
FNH:0
DA:1,1
DA:2,1
DA:3,1
LF:3
LH:3
BRF:0
BRH:0
end_of_record
TN:
SF:src\domain\index.ts
FNF:0
FNH:0
DA:1,1
DA:2,1
DA:3,1
DA:4,1
DA:5,1
DA:6,1
DA:7,1
DA:8,1
DA:9,1
DA:10,1
DA:11,1
DA:12,1
LF:12
LH:12
BRF:0
BRH:0
end_of_record
TN:
SF:src\domain\dtos\todos\create-todo.dto.ts
FN:2,CreateToDoDto
FN:4,create
FNF:2
FNH:2
FNDA:1,CreateToDoDto
FNDA:3,create
DA:1,1
DA:2,1
DA:3,1
DA:4,1
DA:5,3
DA:6,3
DA:7,3
DA:8,3
DA:9,1
DA:10,1
DA:11,1
DA:12,1
DA:13,1
LF:13
LH:13
BRDA:2,0,0,1
BRDA:4,1,0,3
BRDA:8,2,0,1
BRDA:8,3,0,2
BRDA:9,4,0,1
BRF:5
BRH:5
end_of_record
TN:
SF:src\domain\errors\custom.error.ts
FN:3,CustomError
FNF:1
FNH:1
FNDA:3,CustomError
DA:1,1
DA:2,1
DA:3,1
DA:4,3
DA:5,3
DA:6,3
DA:7,3
DA:8,1
LF:8
LH:8
BRDA:3,0,0,3
BRF:1
BRH:1
end_of_record
TN:
SF:src\infracstructure\datasource\todo.datasource.impl.ts
FN:12,create
FN:18,getAll
FN:23,findById
FN:30,updateById
FN:41,deleteById
FNF:5
FNH:5
FNDA:1,create
FNDA:1,getAll
FNDA:9,findById
FNDA:5,updateById
FNDA:2,deleteById
DA:1,1
DA:2,1
DA:3,1
DA:4,1
DA:5,1
DA:6,1
DA:7,1
DA:8,1
DA:9,1
DA:10,1
DA:11,1
DA:12,1
DA:13,1
DA:14,1
DA:15,1
DA:16,1
DA:17,1
DA:18,1
DA:19,1
DA:20,1
DA:21,1
DA:22,1
DA:23,1
DA:24,9
DA:25,9
DA:26,9
DA:27,6
DA:28,6
DA:29,1
DA:30,1
DA:31,5
DA:32,4
DA:33,4
DA:34,4
DA:35,4
DA:36,4
DA:37,4
DA:38,4
DA:39,4
DA:40,1
DA:41,1
DA:42,2
DA:43,1
DA:44,1
DA:45,1
DA:46,1
DA:47,1
DA:48,1
LF:48
LH:48
BRDA:12,0,0,1
BRDA:18,1,0,1
BRDA:20,2,0,2
BRDA:23,3,0,9
BRDA:26,4,0,3
BRDA:27,5,0,6
BRDA:30,6,0,5
BRDA:32,7,0,4
BRDA:41,8,0,2
BRDA:43,9,0,1
BRF:10
BRH:10
end_of_record
TN:
SF:src\presentation\server.ts
FN:17,Server
FN:24,start
FN:48,close
FNF:3
FNH:3
FNDA:1,Server
FNDA:1,start
FNDA:1,close
DA:1,1
DA:2,1
DA:3,1
DA:4,1
DA:5,1
DA:6,1
DA:7,1
DA:8,1
DA:9,1
DA:10,1
DA:11,1
DA:12,1
DA:13,1
DA:14,1
DA:15,1
DA:16,1
DA:17,1
DA:18,1
DA:19,1
DA:20,1
DA:21,1
DA:22,1
DA:23,1
DA:24,1
DA:25,1
DA:26,1
DA:27,1
DA:28,1
DA:29,1
DA:30,1
DA:31,1
DA:32,1
DA:33,1
DA:34,1
DA:35,1
DA:36,1
DA:37,0
DA:38,0
DA:39,1
DA:40,1
DA:41,1
DA:42,1
DA:43,1
DA:44,1
DA:45,1
DA:46,1
DA:47,1
DA:48,1
DA:49,1
DA:50,1
DA:51,1
LF:51
LH:49
BRDA:17,0,0,1
BRDA:24,1,0,1
BRDA:42,2,0,1
BRDA:48,3,0,1
BRDA:49,4,0,0
BRF:5
BRH:4
end_of_record
TN:
SF:src\presentation\todos\controller.ts
FN:7,ToDosController
FN:9,ToDosController.getToDos
FN:16,ToDosController.getToDoById
FN:27,ToDosController.createToDo
FN:37,ToDosController.updateToDo
FN:53,ToDosController.deleteToDo
FN:64,ToDosController.handlerError
FNF:7
FNH:7
FNDA:2,ToDosController
FNDA:1,ToDosController.getToDos
FNDA:3,ToDosController.getToDoById
FNDA:3,ToDosController.createToDo
FNDA:6,ToDosController.updateToDo
FNDA:3,ToDosController.deleteToDo
FNDA:3,ToDosController.handlerError
DA:1,1
DA:2,1
DA:3,1
DA:4,1
DA:5,1
DA:6,1
DA:7,1
DA:8,1
DA:9,1
DA:10,1
DA:11,1
DA:12,1
DA:13,1
DA:14,1
DA:15,1
DA:16,1
DA:17,3
DA:18,3
DA:19,3
DA:20,2
DA:21,2
DA:22,2
DA:23,2
DA:24,2
DA:25,1
DA:26,1
DA:27,1
DA:28,3
DA:29,3
DA:30,1
DA:31,1
DA:32,1
DA:33,1
DA:34,1
DA:35,1
DA:36,1
DA:37,1
DA:38,6
DA:39,6
DA:40,6
DA:41,6
DA:42,6
DA:43,6
DA:44,6
DA:45,6
DA:46,5
DA:47,5
DA:48,5
DA:49,5
DA:50,5
DA:51,1
DA:52,1
DA:53,1
DA:54,3
DA:55,3
DA:56,3
DA:57,2
DA:58,2
DA:59,2
DA:60,2
DA:61,2
DA:62,1
DA:63,1
DA:64,1
DA:65,3
DA:66,0
DA:67,1
DA:68,1
LF:68
LH:67
BRDA:7,0,0,2
BRDA:9,1,0,1
BRDA:12,2,0,1
BRDA:16,3,0,3
BRDA:19,4,0,1
BRDA:20,5,0,2
BRDA:23,6,0,1
BRDA:24,7,0,1
BRDA:27,8,0,3
BRDA:29,9,0,2
BRDA:30,10,0,1
BRDA:33,11,0,1
BRDA:37,12,0,6
BRDA:45,13,0,1
BRDA:46,14,0,5
BRDA:49,15,0,4
BRDA:50,16,0,1
BRDA:53,17,0,3
BRDA:56,18,0,1
BRDA:57,19,0,2
BRDA:60,20,0,1
BRDA:61,21,0,1
BRDA:64,22,0,3
BRDA:66,23,0,0
BRF:24
BRH:23
end_of_record
TN:
SF:tests\test.server.ts
FNF:0
FNH:0
DA:1,1
DA:2,1
DA:3,1
DA:4,1
DA:5,1
DA:6,1
DA:7,1
DA:8,1
LF:8
LH:8
BRF:0
BRH:0
end_of_record
